f:\demo\testvtkdemo\testmodernopengl\glfw\build\src\glfw.dir\debug\vc120.pdb
f:\demo\testvtkdemo\testmodernopengl\glfw\build\src\glfw.dir\debug\egl_context.obj
f:\demo\testvtkdemo\testmodernopengl\glfw\build\src\glfw.dir\debug\wgl_context.obj
f:\demo\testvtkdemo\testmodernopengl\glfw\build\src\glfw.dir\debug\win32_window.obj
f:\demo\testvtkdemo\testmodernopengl\glfw\build\src\glfw.dir\debug\win32_tls.obj
f:\demo\testvtkdemo\testmodernopengl\glfw\build\src\glfw.dir\debug\win32_time.obj
f:\demo\testvtkdemo\testmodernopengl\glfw\build\src\glfw.dir\debug\win32_monitor.obj
f:\demo\testvtkdemo\testmodernopengl\glfw\build\src\glfw.dir\debug\win32_joystick.obj
f:\demo\testvtkdemo\testmodernopengl\glfw\build\src\glfw.dir\debug\win32_init.obj
f:\demo\testvtkdemo\testmodernopengl\glfw\build\src\glfw.dir\debug\window.obj
f:\demo\testvtkdemo\testmodernopengl\glfw\build\src\glfw.dir\debug\vulkan.obj
f:\demo\testvtkdemo\testmodernopengl\glfw\build\src\glfw.dir\debug\monitor.obj
f:\demo\testvtkdemo\testmodernopengl\glfw\build\src\glfw.dir\debug\input.obj
f:\demo\testvtkdemo\testmodernopengl\glfw\build\src\glfw.dir\debug\init.obj
f:\demo\testvtkdemo\testmodernopengl\glfw\build\src\glfw.dir\debug\context.obj
f:\demo\testvtkdemo\testmodernopengl\glfw\build\src\cmakefiles\generate.stamp
f:\demo\testvtkdemo\testmodernopengl\glfw\build\src\debug\glfw3.lib
f:\demo\testvtkdemo\testmodernopengl\glfw\build\src\glfw.dir\debug\glfw.tlog\cl.command.1.tlog
f:\demo\testvtkdemo\testmodernopengl\glfw\build\src\glfw.dir\debug\glfw.tlog\cl.read.1.tlog
f:\demo\testvtkdemo\testmodernopengl\glfw\build\src\glfw.dir\debug\glfw.tlog\cl.write.1.tlog
f:\demo\testvtkdemo\testmodernopengl\glfw\build\src\glfw.dir\debug\glfw.tlog\custombuild.command.1.tlog
f:\demo\testvtkdemo\testmodernopengl\glfw\build\src\glfw.dir\debug\glfw.tlog\custombuild.read.1.tlog
f:\demo\testvtkdemo\testmodernopengl\glfw\build\src\glfw.dir\debug\glfw.tlog\custombuild.write.1.tlog
f:\demo\testvtkdemo\testmodernopengl\glfw\build\src\glfw.dir\debug\glfw.tlog\lib-link.read.1.tlog
f:\demo\testvtkdemo\testmodernopengl\glfw\build\src\glfw.dir\debug\glfw.tlog\lib-link.write.1.tlog
f:\demo\testvtkdemo\testmodernopengl\glfw\build\src\glfw.dir\debug\glfw.tlog\lib.command.1.tlog
