Build started 2018/5/25 15:40:03.
     1>Project "F:\Demo\TestVTKDemo\testModernOpenGL\glfw\build\examples\particles.vcxproj" on node 2 (Rebuild target(s)).
     1>CustomBuild:
         Building Custom Rule F:/Demo/TestVTKDemo/testModernOpenGL/glfw/examples/CMakeLists.txt
         CMake does not need to re-run because F:/Demo/TestVTKDemo/testModernOpenGL/glfw/build/examples/CMakeFiles/generate.stamp is up-to-date.
       ClCompile:
         C:\Program Files (x86)\Microsoft Visual Studio 12.0\VC\bin\CL.exe /c /IF:\Demo\TestVTKDemo\testModernOpenGL\glfw\deps /IF:\Demo\TestVTKDemo\testModernOpenGL\glfw\include /Zi /nologo /W3 /WX- /Od /Ob0 /Oy- /D WIN32 /D _WINDOWS /D _CRT_SECURE_NO_WARNINGS /D "CMAKE_INTDIR=\"Debug\"" /D _MBCS /Gm- /RTC1 /MDd /GS /fp:precise /Zc:wchar_t /Zc:forScope /Fo"particles.dir\Debug\\" /Fd"particles.dir\Debug\vc120.pdb" /Gd /TC /analyze- /errorReport:prompt F:\Demo\TestVTKDemo\testModernOpenGL\glfw\examples\particles.c F:\Demo\TestVTKDemo\testModernOpenGL\glfw\deps\tinycthread.c F:\Demo\TestVTKDemo\testModernOpenGL\glfw\deps\getopt.c F:\Demo\TestVTKDemo\testModernOpenGL\glfw\deps\glad.c
         particles.c
         tinycthread.c
         getopt.c
         glad.c
         Generating Code...
       ResourceCompile:
         C:\Program Files (x86)\Windows Kits\8.1\bin\x86\rc.exe /D WIN32 /D _DEBUG /D _WINDOWS /D _CRT_SECURE_NO_WARNINGS /D "CMAKE_INTDIR=\\\"Debug\\\"" /l"0x0409" /IF:\Demo\TestVTKDemo\testModernOpenGL\glfw\deps /IF:\Demo\TestVTKDemo\testModernOpenGL\glfw\include /nologo /fo"particles.dir\Debug\glfw.res" F:\Demo\TestVTKDemo\testModernOpenGL\glfw\examples\glfw.rc 
       Link:
         C:\Program Files (x86)\Microsoft Visual Studio 12.0\VC\bin\link.exe /ERRORREPORT:PROMPT /OUT:"F:\Demo\TestVTKDemo\testModernOpenGL\glfw\build\examples\Debug\particles.exe" /INCREMENTAL /NOLOGO ..\src\Debug\glfw3.lib kernel32.lib user32.lib gdi32.lib winspool.lib shell32.lib ole32.lib oleaut32.lib uuid.lib comdlg32.lib advapi32.lib /MANIFEST /MANIFESTUAC:"level='asInvoker' uiAccess='false'" /manifest:embed /DEBUG /PDB:"F:/Demo/TestVTKDemo/testModernOpenGL/glfw/build/examples/Debug/particles.pdb" /SUBSYSTEM:WINDOWS /TLBID:1 /ENTRY:"mainCRTStartup" /DYNAMICBASE /NXCOMPAT /IMPLIB:"F:/Demo/TestVTKDemo/testModernOpenGL/glfw/build/examples/Debug/particles.lib" /MACHINE:X86 /SAFESEH  /machine:X86 particles.dir\Debug\glfw.res
         particles.dir\Debug\particles.obj
         particles.dir\Debug\tinycthread.obj
         particles.dir\Debug\getopt.obj
         particles.dir\Debug\glad.obj
         particles.vcxproj -> F:\Demo\TestVTKDemo\testModernOpenGL\glfw\build\examples\Debug\particles.exe
     1>Done Building Project "F:\Demo\TestVTKDemo\testModernOpenGL\glfw\build\examples\particles.vcxproj" (Rebuild target(s)).

Build succeeded.

Time Elapsed 00:00:05.88
