Build started 2018/5/25 15:40:08.
     1>Project "F:\Demo\TestVTKDemo\testModernOpenGL\glfw\build\examples\simple.vcxproj" on node 4 (Rebuild target(s)).
     1>CustomBuild:
         Building Custom Rule F:/Demo/TestVTKDemo/testModernOpenGL/glfw/examples/CMakeLists.txt
         CMake does not need to re-run because F:/Demo/TestVTKDemo/testModernOpenGL/glfw/build/examples/CMakeFiles/generate.stamp is up-to-date.
       ClCompile:
         C:\Program Files (x86)\Microsoft Visual Studio 12.0\VC\bin\CL.exe /c /IF:\Demo\TestVTKDemo\testModernOpenGL\glfw\deps /IF:\Demo\TestVTKDemo\testModernOpenGL\glfw\include /Zi /nologo /W3 /WX- /Od /Ob0 /Oy- /D WIN32 /D _WINDOWS /D _CRT_SECURE_NO_WARNINGS /D "CMAKE_INTDIR=\"Debug\"" /D _MBCS /Gm- /RTC1 /MDd /GS /fp:precise /Zc:wchar_t /Zc:forScope /Fo"simple.dir\Debug\\" /Fd"simple.dir\Debug\vc120.pdb" /Gd /TC /analyze- /errorReport:prompt F:\Demo\TestVTKDemo\testModernOpenGL\glfw\examples\simple.c F:\Demo\TestVTKDemo\testModernOpenGL\glfw\deps\glad.c
         simple.c
         glad.c
         Generating Code...
       ResourceCompile:
         C:\Program Files (x86)\Windows Kits\8.1\bin\x86\rc.exe /D WIN32 /D _DEBUG /D _WINDOWS /D _CRT_SECURE_NO_WARNINGS /D "CMAKE_INTDIR=\\\"Debug\\\"" /l"0x0409" /IF:\Demo\TestVTKDemo\testModernOpenGL\glfw\deps /IF:\Demo\TestVTKDemo\testModernOpenGL\glfw\include /nologo /fo"simple.dir\Debug\glfw.res" F:\Demo\TestVTKDemo\testModernOpenGL\glfw\examples\glfw.rc 
       Link:
         C:\Program Files (x86)\Microsoft Visual Studio 12.0\VC\bin\link.exe /ERRORREPORT:PROMPT /OUT:"F:\Demo\TestVTKDemo\testModernOpenGL\glfw\build\examples\Debug\simple.exe" /INCREMENTAL /NOLOGO ..\src\Debug\glfw3.lib kernel32.lib user32.lib gdi32.lib winspool.lib shell32.lib ole32.lib oleaut32.lib uuid.lib comdlg32.lib advapi32.lib /MANIFEST /MANIFESTUAC:"level='asInvoker' uiAccess='false'" /manifest:embed /DEBUG /PDB:"F:/Demo/TestVTKDemo/testModernOpenGL/glfw/build/examples/Debug/simple.pdb" /SUBSYSTEM:WINDOWS /TLBID:1 /ENTRY:"mainCRTStartup" /DYNAMICBASE /NXCOMPAT /IMPLIB:"F:/Demo/TestVTKDemo/testModernOpenGL/glfw/build/examples/Debug/simple.lib" /MACHINE:X86 /SAFESEH  /machine:X86 simple.dir\Debug\glfw.res
         simple.dir\Debug\simple.obj
         simple.dir\Debug\glad.obj
         simple.vcxproj -> F:\Demo\TestVTKDemo\testModernOpenGL\glfw\build\examples\Debug\simple.exe
     1>Done Building Project "F:\Demo\TestVTKDemo\testModernOpenGL\glfw\build\examples\simple.vcxproj" (Rebuild target(s)).

Build succeeded.

Time Elapsed 00:00:02.84
