Build started 2018/5/25 15:40:45.
     1>Project "F:\Demo\TestVTKDemo\testModernOpenGL\glfw\build\examples\splitview.vcxproj" on node 6 (Build target(s)).
     1>CustomBuild:
         Building Custom Rule F:/Demo/TestVTKDemo/testModernOpenGL/glfw/examples/CMakeLists.txt
         CMake does not need to re-run because F:/Demo/TestVTKDemo/testModernOpenGL/glfw/build/examples/CMakeFiles/generate.stamp is up-to-date.
       ClCompile:
         C:\Program Files (x86)\Microsoft Visual Studio 12.0\VC\bin\CL.exe /c /IF:\Demo\TestVTKDemo\testModernOpenGL\glfw\deps /IF:\Demo\TestVTKDemo\testModernOpenGL\glfw\include /nologo /W3 /WX- /O2 /Ob2 /Oy- /D WIN32 /D _WINDOWS /D NDEBUG /D _CRT_SECURE_NO_WARNINGS /D "CMAKE_INTDIR=\"Release\"" /D _MBCS /Gm- /MD /GS /fp:precise /Zc:wchar_t /Zc:forScope /Fo"splitview.dir\Release\\" /Fd"splitview.dir\Release\vc120.pdb" /Gd /TC /analyze- /errorReport:prompt F:\Demo\TestVTKDemo\testModernOpenGL\glfw\examples\splitview.c F:\Demo\TestVTKDemo\testModernOpenGL\glfw\deps\glad.c
         splitview.c
         glad.c
         Generating Code...
       ResourceCompile:
         C:\Program Files (x86)\Windows Kits\8.1\bin\x86\rc.exe /D WIN32 /D _WINDOWS /D NDEBUG /D _CRT_SECURE_NO_WARNINGS /D "CMAKE_INTDIR=\\\"Release\\\"" /l"0x0409" /IF:\Demo\TestVTKDemo\testModernOpenGL\glfw\deps /IF:\Demo\TestVTKDemo\testModernOpenGL\glfw\include /nologo /fo"splitview.dir\Release\glfw.res" F:\Demo\TestVTKDemo\testModernOpenGL\glfw\examples\glfw.rc 
       Link:
         C:\Program Files (x86)\Microsoft Visual Studio 12.0\VC\bin\link.exe /ERRORREPORT:PROMPT /OUT:"F:\Demo\TestVTKDemo\testModernOpenGL\glfw\build\examples\Release\splitview.exe" /INCREMENTAL:NO /NOLOGO ..\src\Release\glfw3.lib kernel32.lib user32.lib gdi32.lib winspool.lib shell32.lib ole32.lib oleaut32.lib uuid.lib comdlg32.lib advapi32.lib /MANIFEST /MANIFESTUAC:"level='asInvoker' uiAccess='false'" /manifest:embed /PDB:"F:/Demo/TestVTKDemo/testModernOpenGL/glfw/build/examples/Release/splitview.pdb" /SUBSYSTEM:WINDOWS /TLBID:1 /ENTRY:"mainCRTStartup" /DYNAMICBASE /NXCOMPAT /IMPLIB:"F:/Demo/TestVTKDemo/testModernOpenGL/glfw/build/examples/Release/splitview.lib" /MACHINE:X86 /SAFESEH  /machine:X86 splitview.dir\Release\glfw.res
         splitview.dir\Release\splitview.obj
         splitview.dir\Release\glad.obj
         splitview.vcxproj -> F:\Demo\TestVTKDemo\testModernOpenGL\glfw\build\examples\Release\splitview.exe
     1>Done Building Project "F:\Demo\TestVTKDemo\testModernOpenGL\glfw\build\examples\splitview.vcxproj" (Build target(s)).

Build succeeded.

Time Elapsed 00:00:02.40
